20:54:02:283 (00008624) > [Startup] Marvel's Spider-Man: Miles Morales
20:54:02:283 (00008624) > [Startup] ==============
20:54:02:283 (00008624) > [Startup] 
20:54:02:283 (00008624) > [Startup] Build: v2.1012.0.0
20:54:02:283 (00008624) > [Startup] Windows 11.0 (build 22631)
20:54:02:283 (00008624) > [Startup] Distribution platform: Steam
20:54:02:283 (00008624) > [Startup] Game directory: C:\Users\<username>\Documents\Marvel's Spider-Man Miles Morales\
20:54:02:283 (00008624) > [Startup] Working directory: B:\games\Marvels Spider Man Miles Morales
20:54:02:283 (00008624) > [Startup] Run ID: 1D70-A471-A433-0369
20:54:02:283 (00008624) > [Startup] 
20:54:02:283 (00008624) > [Startup] Memory statistics:
20:54:02:283 (00008624) > [Startup]   Total RAM = 29.9 GB (30570 MB)
20:54:02:283 (00008624) > [Startup]   Avail RAM = 22.8 GB (23301 MB)
20:54:02:283 (00008624) > [Startup]   Total virtual memory = 131072.0 GB (134217727 MB)
20:54:02:283 (00008624) > [Startup]   Avail virtual memory = 131062.5 GB (134208034 MB)
20:54:02:283 (00008624) > [Startup]   Total page file = 31.7 GB (32490 MB)
20:54:02:283 (00008624) > [Startup]   Avail page file = 20.2 GB (20666 MB)
20:54:02:283 (00008624) > [Startup] 
20:54:02:283 (00008624) > [NxApp] PreInit
20:54:02:283 (00008624) > [SwapChain] Initializing...
20:54:02:283 (00008624) > [DXGI] Initializing...
20:54:03:036 (00008624) > [NxApp] Streamline was successfully initialized.
20:54:03:036 (00008624) > [DXGI] Successfully initialized.
20:54:03:036 (00008624) > [Render] Enumerating adapters:
20:54:03:036 (00008624) > [Render] 	Adapter 0:
20:54:03:036 (00008624) > [Monitor] 		Description             : NVIDIA GeForce RTX 4080
20:54:03:036 (00008624) > [Monitor] 		Vendor                  : nVidia (10de)
20:54:03:036 (00008624) > [Monitor] 		Device                  : 2704
20:54:03:036 (00008624) > [Monitor] 		Sub system              : 40c51458
20:54:03:036 (00008624) > [Monitor] 		Revision                : 161
20:54:03:036 (00008624) > [Monitor] 		Dedicated Video Memory  : 16050 MB
20:54:03:036 (00008624) > [Monitor] 		Dedicated System Memory : 0000 MB
20:54:03:036 (00008624) > [Monitor] 		Shared System Memory    : 15285 MB
20:54:03:036 (00008624) > [Monitor] 
20:54:03:036 (00008624) > [Render] Loading NVAPI...
20:54:03:037 (00008624) > [Render] Done loading NVAPI
20:54:03:037 (00008624) > [Render] 	Adapter 1:
20:54:03:037 (00008624) > [Monitor] 		Description             : Microsoft Basic Render Driver
20:54:03:037 (00008624) > [Monitor] 		Vendor                  : Unknown (1414)
20:54:03:037 (00008624) > [Monitor] 		Device                  : 8c
20:54:03:037 (00008624) > [Monitor] 		Sub system              : 0
20:54:03:037 (00008624) > [Monitor] 		Revision                : 0
20:54:03:037 (00008624) > [Monitor] 		Dedicated Video Memory  : 0000 MB
20:54:03:037 (00008624) > [Monitor] 		Dedicated System Memory : 0000 MB
20:54:03:037 (00008624) > [Monitor] 		Shared System Memory    : 15285 MB
20:54:03:037 (00008624) > [Monitor] 
20:54:03:037 (00008624) > [Render] Enumerating monitors:
20:54:03:037 (00008624) > [Render] 	Monitor 0: handle = 0000000000010003, aspect = 1.83, rounded aspect = 1.83
20:54:03:037 (00008624) > [Render] 	Monitor 1: handle = 0000000000010001, aspect = 1.78, rounded aspect = 1.78
20:54:03:037 (00008624) > [Render] 
20:54:03:037 (00008624) > [Render] 	Monitor handle = 0000000000010001, pixel aspect ratio = 1.00
20:54:03:038 (00008624) > [Render] 	Monitor handle = 0000000000010003, pixel aspect ratio = 0.97
20:54:03:038 (00008624) > [SwapChain] Successfully initialized.
20:54:03:038 (00008624) > [Render] Enumerating Display Modes:
20:54:03:039 (00008624) > [Render] Querying NVAPI for Surround modes
20:54:03:102 (00008624) > [Render] NvAPI_Mosaic_GetDisplayViewportsByResolution() - no surround modes detected
20:54:03:102 (00008624) > [Render] Querying NVAPI for Surround modes
20:54:03:123 (00008624) > [Render] NvAPI_Mosaic_GetDisplayViewportsByResolution() - no surround modes detected
20:54:03:123 (00008624) > [Render] 	Monitor '1 (NVIDIA GeForce RTX 4080(1))' (0000000000010001):
20:54:03:123 (00008624) > [Render] 		- Mode  0 :  800 x  600 @  75 Hz, stereo = 0, hdr = 0
20:54:03:123 (00008624) > [Render] 		- Mode  1 :  800 x  600 @ 120 Hz, stereo = 0, hdr = 0
20:54:03:123 (00008624) > [Render] 		- Mode  2 :  800 x  600 @ 120 Hz, stereo = 0, hdr = 0
20:54:03:123 (00008624) > [Render] 		- Mode  3 :  800 x  600 @  56 Hz, stereo = 0, hdr = 0
20:54:03:123 (00008624) > [Render] 		- Mode  4 :  800 x  600 @  60 Hz, stereo = 0, hdr = 0
20:54:03:123 (00008624) > [Render] 		- Mode  5 :  800 x  600 @  72 Hz, stereo = 0, hdr = 0
20:54:03:123 (00008624) > [Render] 		- Mode  6 :  800 x  600 @ 120 Hz, stereo = 0, hdr = 0
20:54:03:123 (00008624) > [Render] 		- Mode  7 :  800 x  600 @ 120 Hz, stereo = 0, hdr = 0
20:54:03:123 (00008624) > [Render] 		- Mode  8 :  800 x  600 @ 144 Hz, stereo = 0, hdr = 0
20:54:03:123 (00008624) > [Render] 		- Mode  9 :  800 x  600 @ 144 Hz, stereo = 0, hdr = 0
20:54:03:123 (00008624) > [Render] 		- Mode 10 : 1024 x  768 @ 120 Hz, stereo = 0, hdr = 0
20:54:03:123 (00008624) > [Render] 		- Mode 11 : 1024 x  768 @ 120 Hz, stereo = 0, hdr = 0
20:54:03:123 (00008624) > [Render] 		- Mode 12 : 1024 x  768 @  60 Hz, stereo = 0, hdr = 0
20:54:03:123 (00008624) > [Render] 		- Mode 13 : 1024 x  768 @  70 Hz, stereo = 0, hdr = 0
20:54:03:123 (00008624) > [Render] 		- Mode 14 : 1024 x  768 @  75 Hz, stereo = 0, hdr = 0
20:54:03:123 (00008624) > [Render] 		- Mode 15 : 1024 x  768 @ 120 Hz, stereo = 0, hdr = 0
20:54:03:123 (00008624) > [Render] 		- Mode 16 : 1024 x  768 @ 120 Hz, stereo = 0, hdr = 0
20:54:03:123 (00008624) > [Render] 		- Mode 17 : 1024 x  768 @ 144 Hz, stereo = 0, hdr = 0
20:54:03:123 (00008624) > [Render] 		- Mode 18 : 1024 x  768 @ 144 Hz, stereo = 0, hdr = 0
20:54:03:123 (00008624) > [Render] 		- Mode 19 : 1152 x  864 @  75 Hz, stereo = 0, hdr = 0
20:54:03:123 (00008624) > [Render] 		- Mode 20 : 1152 x  864 @ 120 Hz, stereo = 0, hdr = 0
20:54:03:123 (00008624) > [Render] 		- Mode 21 : 1152 x  864 @ 120 Hz, stereo = 0, hdr = 0
20:54:03:123 (00008624) > [Render] 		- Mode 22 : 1152 x  864 @ 120 Hz, stereo = 0, hdr = 0
20:54:03:123 (00008624) > [Render] 		- Mode 23 : 1152 x  864 @ 120 Hz, stereo = 0, hdr = 0
20:54:03:123 (00008624) > [Render] 		- Mode 24 : 1152 x  864 @ 144 Hz, stereo = 0, hdr = 0
20:54:03:123 (00008624) > [Render] 		- Mode 25 : 1152 x  864 @ 144 Hz, stereo = 0, hdr = 0
20:54:03:123 (00008624) > [Render] 		- Mode 26 : 1176 x  664 @  50 Hz, stereo = 0, hdr = 0
20:54:03:123 (00008624) > [Render] 		- Mode 27 : 1176 x  664 @  50 Hz, stereo = 0, hdr = 0
20:54:03:123 (00008624) > [Render] 		- Mode 28 : 1176 x  664 @  60 Hz, stereo = 0, hdr = 0
20:54:03:123 (00008624) > [Render] 		- Mode 29 : 1176 x  664 @  60 Hz, stereo = 0, hdr = 0
20:54:03:123 (00008624) > [Render] 		- Mode 30 : 1176 x  664 @  60 Hz, stereo = 0, hdr = 0
20:54:03:123 (00008624) > [Render] 		- Mode 31 : 1176 x  664 @  60 Hz, stereo = 0, hdr = 0
20:54:03:123 (00008624) > [Render] 		- Mode 32 : 1280 x  720 @  50 Hz, stereo = 0, hdr = 0
20:54:03:123 (00008624) > [Render] 		- Mode 33 : 1280 x  720 @  60 Hz, stereo = 0, hdr = 0
20:54:03:123 (00008624) > [Render] 		- Mode 34 : 1280 x  720 @ 120 Hz, stereo = 0, hdr = 0
20:54:03:123 (00008624) > [Render] 		- Mode 35 : 1280 x  720 @ 120 Hz, stereo = 0, hdr = 0
20:54:03:123 (00008624) > [Render] 		- Mode 36 : 1280 x  720 @  60 Hz, stereo = 0, hdr = 0
20:54:03:123 (00008624) > [Render] 		- Mode 37 : 1280 x  720 @ 120 Hz, stereo = 0, hdr = 0
20:54:03:123 (00008624) > [Render] 		- Mode 38 : 1280 x  720 @ 120 Hz, stereo = 0, hdr = 0
20:54:03:123 (00008624) > [Render] 		- Mode 39 : 1280 x  720 @ 144 Hz, stereo = 0, hdr = 0
20:54:03:123 (00008624) > [Render] 		- Mode 40 : 1280 x  720 @ 144 Hz, stereo = 0, hdr = 0
20:54:03:123 (00008624) > [Render] 		- Mode 41 : 1280 x  768 @ 120 Hz, stereo = 0, hdr = 0
20:54:03:123 (00008624) > [Render] 		- Mode 42 : 1280 x  768 @ 120 Hz, stereo = 0, hdr = 0
20:54:03:123 (00008624) > [Render] 		- Mode 43 : 1280 x  768 @  60 Hz, stereo = 0, hdr = 0
20:54:03:123 (00008624) > [Render] 		- Mode 44 : 1280 x  768 @  60 Hz, stereo = 0, hdr = 0
20:54:03:123 (00008624) > [Render] 		- Mode 45 : 1280 x  768 @ 120 Hz, stereo = 0, hdr = 0
20:54:03:123 (00008624) > [Render] 		- Mode 46 : 1280 x  768 @ 120 Hz, stereo = 0, hdr = 0
20:54:03:123 (00008624) > [Render] 		- Mode 47 : 1280 x  768 @ 144 Hz, stereo = 0, hdr = 0
20:54:03:123 (00008624) > [Render] 		- Mode 48 : 1280 x  768 @ 144 Hz, stereo = 0, hdr = 0
20:54:03:123 (00008624) > [Render] 		- Mode 49 : 1280 x  800 @ 120 Hz, stereo = 0, hdr = 0
20:54:03:123 (00008624) > [Render] 		- Mode 50 : 1280 x  800 @ 120 Hz, stereo = 0, hdr = 0
20:54:03:123 (00008624) > [Render] 		- Mode 51 : 1280 x  800 @  60 Hz, stereo = 0, hdr = 0
20:54:03:123 (00008624) > [Render] 		- Mode 52 : 1280 x  800 @ 120 Hz, stereo = 0, hdr = 0
20:54:03:123 (00008624) > [Render] 		- Mode 53 : 1280 x  800 @ 120 Hz, stereo = 0, hdr = 0
20:54:03:123 (00008624) > [Render] 		- Mode 54 : 1280 x  800 @ 144 Hz, stereo = 0, hdr = 0
20:54:03:123 (00008624) > [Render] 		- Mode 55 : 1280 x  800 @ 144 Hz, stereo = 0, hdr = 0
20:54:03:123 (00008624) > [Render] 		- Mode 56 : 1280 x  960 @  60 Hz, stereo = 0, hdr = 0
20:54:03:123 (00008624) > [Render] 		- Mode 57 : 1280 x  960 @ 120 Hz, stereo = 0, hdr = 0
20:54:03:123 (00008624) > [Render] 		- Mode 58 : 1280 x  960 @ 120 Hz, stereo = 0, hdr = 0
20:54:03:123 (00008624) > [Render] 		- Mode 59 : 1280 x  960 @ 120 Hz, stereo = 0, hdr = 0
20:54:03:123 (00008624) > [Render] 		- Mode 60 : 1280 x  960 @ 120 Hz, stereo = 0, hdr = 0
20:54:03:123 (00008624) > [Render] 		- Mode 61 : 1280 x  960 @ 144 Hz, stereo = 0, hdr = 0
20:54:03:123 (00008624) > [Render] 		- Mode 62 : 1280 x  960 @ 144 Hz, stereo = 0, hdr = 0
20:54:03:123 (00008624) > [Render] 		- Mode 63 : 1280 x 1024 @ 120 Hz, stereo = 0, hdr = 0
20:54:03:123 (00008624) > [Render] 		- Mode 64 : 1280 x 1024 @ 120 Hz, stereo = 0, hdr = 0
20:54:03:123 (00008624) > [Render] 		- Mode 65 : 1280 x 1024 @  60 Hz, stereo = 0, hdr = 0
20:54:03:123 (00008624) > [Render] 		- Mode 66 : 1280 x 1024 @  75 Hz, stereo = 0, hdr = 0
20:54:03:123 (00008624) > [Render] 		- Mode 67 : 1280 x 1024 @ 120 Hz, stereo = 0, hdr = 0
20:54:03:123 (00008624) > [Render] 		- Mode 68 : 1280 x 1024 @ 120 Hz, stereo = 0, hdr = 0
20:54:03:123 (00008624) > [Render] 		- Mode 69 : 1280 x 1024 @ 144 Hz, stereo = 0, hdr = 0
20:54:03:123 (00008624) > [Render] 		- Mode 70 : 1280 x 1024 @ 144 Hz, stereo = 0, hdr = 0
20:54:03:123 (00008624) > [Render] 		- Mode 71 : 1360 x  768 @ 120 Hz, stereo = 0, hdr = 0
20:54:03:123 (00008624) > [Render] 		- Mode 72 : 1360 x  768 @ 120 Hz, stereo = 0, hdr = 0
20:54:03:123 (00008624) > [Render] 		- Mode 73 : 1360 x  768 @  60 Hz, stereo = 0, hdr = 0
20:54:03:123 (00008624) > [Render] 		- Mode 74 : 1360 x  768 @  60 Hz, stereo = 0, hdr = 0
20:54:03:123 (00008624) > [Render] 		- Mode 75 : 1360 x  768 @ 120 Hz, stereo = 0, hdr = 0
20:54:03:123 (00008624) > [Render] 		- Mode 76 : 1360 x  768 @ 120 Hz, stereo = 0, hdr = 0
20:54:03:123 (00008624) > [Render] 		- Mode 77 : 1360 x  768 @ 144 Hz, stereo = 0, hdr = 0
20:54:03:123 (00008624) > [Render] 		- Mode 78 : 1360 x  768 @ 144 Hz, stereo = 0, hdr = 0
20:54:03:123 (00008624) > [Render] 		- Mode 79 : 1366 x  768 @ 120 Hz, stereo = 0, hdr = 0
20:54:03:123 (00008624) > [Render] 		- Mode 80 : 1366 x  768 @ 120 Hz, stereo = 0, hdr = 0
20:54:03:123 (00008624) > [Render] 		- Mode 81 : 1366 x  768 @  60 Hz, stereo = 0, hdr = 0
20:54:03:123 (00008624) > [Render] 		- Mode 82 : 1366 x  768 @  60 Hz, stereo = 0, hdr = 0
20:54:03:123 (00008624) > [Render] 		- Mode 83 : 1366 x  768 @ 120 Hz, stereo = 0, hdr = 0
20:54:03:123 (00008624) > [Render] 		- Mode 84 : 1366 x  768 @ 120 Hz, stereo = 0, hdr = 0
20:54:03:123 (00008624) > [Render] 		- Mode 85 : 1366 x  768 @ 144 Hz, stereo = 0, hdr = 0
20:54:03:123 (00008624) > [Render] 		- Mode 86 : 1366 x  768 @ 144 Hz, stereo = 0, hdr = 0
20:54:03:123 (00008624) > [Render] 		- Mode 87 : 1440 x  900 @ 120 Hz, stereo = 0, hdr = 0
20:54:03:123 (00008624) > [Render] 		- Mode 88 : 1440 x  900 @ 120 Hz, stereo = 0, hdr = 0
20:54:03:123 (00008624) > [Render] 		- Mode 89 : 1440 x  900 @  60 Hz, stereo = 0, hdr = 0
20:54:03:123 (00008624) > [Render] 		- Mode 90 : 1440 x  900 @ 120 Hz, stereo = 0, hdr = 0
20:54:03:123 (00008624) > [Render] 		- Mode 91 : 1440 x  900 @ 120 Hz, stereo = 0, hdr = 0
20:54:03:123 (00008624) > [Render] 		- Mode 92 : 1440 x  900 @ 144 Hz, stereo = 0, hdr = 0
20:54:03:123 (00008624) > [Render] 		- Mode 93 : 1440 x  900 @ 144 Hz, stereo = 0, hdr = 0
20:54:03:123 (00008624) > [Render] 		- Mode 94 : 1440 x 1080 @  50 Hz, stereo = 0, hdr = 0
20:54:03:123 (00008624) > [Render] 		- Mode 95 : 1440 x 1080 @  50 Hz, stereo = 0, hdr = 0
20:54:03:123 (00008624) > [Render] 		- Mode 96 : 1440 x 1080 @  60 Hz, stereo = 0, hdr = 0
20:54:03:123 (00008624) > [Render] 		- Mode 97 : 1440 x 1080 @  60 Hz, stereo = 0, hdr = 0
20:54:03:123 (00008624) > [Render] 		- Mode 98 : 1440 x 1080 @ 120 Hz, stereo = 0, hdr = 0
20:54:03:123 (00008624) > [Render] 		- Mode 99 : 1440 x 1080 @ 120 Hz, stereo = 0, hdr = 0
20:54:03:123 (00008624) > [Render] 		- Mode 100 : 1440 x 1080 @  60 Hz, stereo = 0, hdr = 0
20:54:03:123 (00008624) > [Render] 		- Mode 101 : 1440 x 1080 @  60 Hz, stereo = 0, hdr = 0
20:54:03:123 (00008624) > [Render] 		- Mode 102 : 1440 x 1080 @ 120 Hz, stereo = 0, hdr = 0
20:54:03:123 (00008624) > [Render] 		- Mode 103 : 1440 x 1080 @ 120 Hz, stereo = 0, hdr = 0
20:54:03:123 (00008624) > [Render] 		- Mode 104 : 1440 x 1080 @ 144 Hz, stereo = 0, hdr = 0
20:54:03:123 (00008624) > [Render] 		- Mode 105 : 1440 x 1080 @ 144 Hz, stereo = 0, hdr = 0
20:54:03:123 (00008624) > [Render] 		- Mode 106 : 1600 x  900 @ 120 Hz, stereo = 0, hdr = 0
20:54:03:123 (00008624) > [Render] 		- Mode 107 : 1600 x  900 @ 120 Hz, stereo = 0, hdr = 0
20:54:03:123 (00008624) > [Render] 		- Mode 108 : 1600 x  900 @  60 Hz, stereo = 0, hdr = 0
20:54:03:123 (00008624) > [Render] 		- Mode 109 : 1600 x  900 @  60 Hz, stereo = 0, hdr = 0
20:54:03:123 (00008624) > [Render] 		- Mode 110 : 1600 x  900 @ 120 Hz, stereo = 0, hdr = 0
20:54:03:123 (00008624) > [Render] 		- Mode 111 : 1600 x  900 @ 120 Hz, stereo = 0, hdr = 0
20:54:03:123 (00008624) > [Render] 		- Mode 112 : 1600 x  900 @ 144 Hz, stereo = 0, hdr = 0
20:54:03:123 (00008624) > [Render] 		- Mode 113 : 1600 x  900 @ 144 Hz, stereo = 0, hdr = 0
20:54:03:123 (00008624) > [Render] 		- Mode 114 : 1600 x 1024 @ 120 Hz, stereo = 0, hdr = 0
20:54:03:123 (00008624) > [Render] 		- Mode 115 : 1600 x 1024 @ 120 Hz, stereo = 0, hdr = 0
20:54:03:123 (00008624) > [Render] 		- Mode 116 : 1600 x 1024 @  60 Hz, stereo = 0, hdr = 0
20:54:03:123 (00008624) > [Render] 		- Mode 117 : 1600 x 1024 @  60 Hz, stereo = 0, hdr = 0
20:54:03:123 (00008624) > [Render] 		- Mode 118 : 1600 x 1024 @ 120 Hz, stereo = 0, hdr = 0
20:54:03:123 (00008624) > [Render] 		- Mode 119 : 1600 x 1024 @ 120 Hz, stereo = 0, hdr = 0
20:54:03:123 (00008624) > [Render] 		- Mode 120 : 1600 x 1024 @ 144 Hz, stereo = 0, hdr = 0
20:54:03:123 (00008624) > [Render] 		- Mode 121 : 1600 x 1024 @ 144 Hz, stereo = 0, hdr = 0
20:54:03:123 (00008624) > [Render] 		- Mode 122 : 1600 x 1200 @  60 Hz, stereo = 0, hdr = 0
20:54:03:123 (00008624) > [Render] 		- Mode 123 : 1600 x 1200 @  60 Hz, stereo = 0, hdr = 0
20:54:03:123 (00008624) > [Render] 		- Mode 124 : 1600 x 1200 @ 120 Hz, stereo = 0, hdr = 0
20:54:03:123 (00008624) > [Render] 		- Mode 125 : 1600 x 1200 @ 120 Hz, stereo = 0, hdr = 0
20:54:03:123 (00008624) > [Render] 		- Mode 126 : 1600 x 1200 @ 144 Hz, stereo = 0, hdr = 0
20:54:03:123 (00008624) > [Render] 		- Mode 127 : 1600 x 1200 @ 144 Hz, stereo = 0, hdr = 0
20:54:03:123 (00008624) > [Render] 		- Mode 128 : 1680 x 1050 @ 120 Hz, stereo = 0, hdr = 0
20:54:03:123 (00008624) > [Render] 		- Mode 129 : 1680 x 1050 @ 120 Hz, stereo = 0, hdr = 0
20:54:03:123 (00008624) > [Render] 		- Mode 130 : 1680 x 1050 @  60 Hz, stereo = 0, hdr = 0
20:54:03:123 (00008624) > [Render] 		- Mode 131 : 1680 x 1050 @ 120 Hz, stereo = 0, hdr = 0
20:54:03:123 (00008624) > [Render] 		- Mode 132 : 1680 x 1050 @ 120 Hz, stereo = 0, hdr = 0
20:54:03:123 (00008624) > [Render] 		- Mode 133 : 1680 x 1050 @ 144 Hz, stereo = 0, hdr = 0
20:54:03:123 (00008624) > [Render] 		- Mode 134 : 1680 x 1050 @ 144 Hz, stereo = 0, hdr = 0
20:54:03:123 (00008624) > [Render] 		- Mode 135 : 1920 x 1080 @  50 Hz, stereo = 0, hdr = 0
20:54:03:123 (00008624) > [Render] 		- Mode 136 : 1920 x 1080 @  60 Hz, stereo = 0, hdr = 0
20:54:03:123 (00008624) > [Render] 		- Mode 137 : 1920 x 1080 @ 120 Hz, stereo = 0, hdr = 0
20:54:03:123 (00008624) > [Render] 		- Mode 138 : 1920 x 1080 @  60 Hz, stereo = 0, hdr = 0
20:54:03:123 (00008624) > [Render] 		- Mode 139 : 1920 x 1080 @ 120 Hz, stereo = 0, hdr = 0
20:54:03:123 (00008624) > [Render] 		- Mode 140 : 1920 x 1080 @ 144 Hz, stereo = 0, hdr = 0
20:54:03:123 (00008624) > [Render] 		- Mode 141 : 1920 x 1080 @ 144 Hz, stereo = 0, hdr = 0
20:54:03:123 (00008624) > [Render] 		- Mode 142 : 1920 x 1200 @  60 Hz, stereo = 0, hdr = 0
20:54:03:123 (00008624) > [Render] 		- Mode 143 : 1920 x 1200 @  60 Hz, stereo = 0, hdr = 0
20:54:03:123 (00008624) > [Render] 		- Mode 144 : 1920 x 1200 @ 120 Hz, stereo = 0, hdr = 0
20:54:03:123 (00008624) > [Render] 		- Mode 145 : 1920 x 1200 @ 120 Hz, stereo = 0, hdr = 0
20:54:03:123 (00008624) > [Render] 		- Mode 146 : 1920 x 1200 @ 144 Hz, stereo = 0, hdr = 0
20:54:03:123 (00008624) > [Render] 		- Mode 147 : 1920 x 1200 @ 144 Hz, stereo = 0, hdr = 0
20:54:03:123 (00008624) > [Render] 		- Mode 148 : 1920 x 1440 @  60 Hz, stereo = 0, hdr = 0
20:54:03:123 (00008624) > [Render] 		- Mode 149 : 1920 x 1440 @  60 Hz, stereo = 0, hdr = 0
20:54:03:123 (00008624) > [Render] 		- Mode 150 : 1920 x 1440 @ 120 Hz, stereo = 0, hdr = 0
20:54:03:123 (00008624) > [Render] 		- Mode 151 : 1920 x 1440 @ 120 Hz, stereo = 0, hdr = 0
20:54:03:123 (00008624) > [Render] 		- Mode 152 : 1920 x 1440 @ 144 Hz, stereo = 0, hdr = 0
20:54:03:123 (00008624) > [Render] 		- Mode 153 : 1920 x 1440 @ 144 Hz, stereo = 0, hdr = 0
20:54:03:123 (00008624) > [Render] 		- Mode 154 : 2560 x 1440 @  60 Hz, stereo = 0, hdr = 0
20:54:03:123 (00008624) > [Render] 		- Mode 155 : 2560 x 1440 @ 120 Hz, stereo = 0, hdr = 0
20:54:03:123 (00008624) > [Render] 		- Mode 156 : 2560 x 1440 @ 144 Hz, stereo = 0, hdr = 0
20:54:03:123 (00008624) > [Render] ***** Additional Monitor Output Info *****
20:54:03:123 (00008624) > [Render] 		BitsPerColor: 8
20:54:03:123 (00008624) > [Render] 		Primaries: R=0.6777;0.3096  G=0.2656;0.6631  B=0.1484;0.0527  White-Point=0.3135;0.3291
20:54:03:123 (00008624) > [Render] 		HDR: No (Color Space: DXGI_COLOR_SPACE_RGB_FULL_G22_NONE_P709)
20:54:03:123 (00008624) > [Render] 		Luminance: Min=0.2928 Max=400.0000 MaxFullFrame=400.0000
20:54:03:123 (00008624) > [Render] ******************************************
20:54:03:123 (00008624) > [Render] 	Monitor '2 (NVIDIA GeForce RTX 4080(1))' (0000000000010003):
20:54:03:123 (00008624) > [Render] 		- Mode  0 :  800 x  600 @  75 Hz, stereo = 0, hdr = 0
20:54:03:123 (00008624) > [Render] 		- Mode  1 :  800 x  600 @  56 Hz, stereo = 0, hdr = 0
20:54:03:123 (00008624) > [Render] 		- Mode  2 :  800 x  600 @  60 Hz, stereo = 0, hdr = 0
20:54:03:123 (00008624) > [Render] 		- Mode  3 :  800 x  600 @  72 Hz, stereo = 0, hdr = 0
20:54:03:123 (00008624) > [Render] 		- Mode  4 : 1024 x  768 @  60 Hz, stereo = 0, hdr = 0
20:54:03:123 (00008624) > [Render] 		- Mode  5 : 1024 x  768 @  70 Hz, stereo = 0, hdr = 0
20:54:03:123 (00008624) > [Render] 		- Mode  6 : 1024 x  768 @  75 Hz, stereo = 0, hdr = 0
20:54:03:123 (00008624) > [Render] 		- Mode  7 : 1152 x  864 @  75 Hz, stereo = 0, hdr = 0
20:54:03:123 (00008624) > [Render] 		- Mode  8 : 1176 x  664 @  50 Hz, stereo = 0, hdr = 0
20:54:03:123 (00008624) > [Render] 		- Mode  9 : 1176 x  664 @  50 Hz, stereo = 0, hdr = 0
20:54:03:123 (00008624) > [Render] 		- Mode 10 : 1176 x  664 @  60 Hz, stereo = 0, hdr = 0
20:54:03:123 (00008624) > [Render] 		- Mode 11 : 1176 x  664 @  60 Hz, stereo = 0, hdr = 0
20:54:03:123 (00008624) > [Render] 		- Mode 12 : 1176 x  664 @  60 Hz, stereo = 0, hdr = 0
20:54:03:123 (00008624) > [Render] 		- Mode 13 : 1176 x  664 @  60 Hz, stereo = 0, hdr = 0
20:54:03:123 (00008624) > [Render] 		- Mode 14 : 1280 x  720 @  50 Hz, stereo = 0, hdr = 0
20:54:03:123 (00008624) > [Render] 		- Mode 15 : 1280 x  720 @  60 Hz, stereo = 0, hdr = 0
20:54:03:123 (00008624) > [Render] 		- Mode 16 : 1280 x  720 @  60 Hz, stereo = 0, hdr = 0
20:54:03:123 (00008624) > [Render] 		- Mode 17 : 1280 x  768 @  60 Hz, stereo = 0, hdr = 0
20:54:03:123 (00008624) > [Render] 		- Mode 18 : 1280 x  768 @  60 Hz, stereo = 0, hdr = 0
20:54:03:123 (00008624) > [Render] 		- Mode 19 : 1280 x  800 @  60 Hz, stereo = 0, hdr = 0
20:54:03:123 (00008624) > [Render] 		- Mode 20 : 1280 x  800 @  60 Hz, stereo = 0, hdr = 0
20:54:03:123 (00008624) > [Render] 		- Mode 21 : 1280 x  960 @  60 Hz, stereo = 0, hdr = 0
20:54:03:123 (00008624) > [Render] 		- Mode 22 : 1280 x 1024 @  60 Hz, stereo = 0, hdr = 0
20:54:03:123 (00008624) > [Render] 		- Mode 23 : 1280 x 1024 @  75 Hz, stereo = 0, hdr = 0
20:54:03:123 (00008624) > [Render] 		- Mode 24 : 1360 x  768 @  60 Hz, stereo = 0, hdr = 0
20:54:03:123 (00008624) > [Render] 		- Mode 25 : 1360 x  768 @  60 Hz, stereo = 0, hdr = 0
20:54:03:123 (00008624) > [Render] 		- Mode 26 : 1366 x  768 @  60 Hz, stereo = 0, hdr = 0
20:54:03:123 (00008624) > [Render] 		- Mode 27 : 1366 x  768 @  60 Hz, stereo = 0, hdr = 0
20:54:03:123 (00008624) > [Render] 		- Mode 28 : 1440 x  900 @  60 Hz, stereo = 0, hdr = 0
20:54:03:123 (00008624) > [Render] 		- Mode 29 : 1440 x 1080 @  50 Hz, stereo = 0, hdr = 0
20:54:03:123 (00008624) > [Render] 		- Mode 30 : 1440 x 1080 @  50 Hz, stereo = 0, hdr = 0
20:54:03:123 (00008624) > [Render] 		- Mode 31 : 1440 x 1080 @  60 Hz, stereo = 0, hdr = 0
20:54:03:123 (00008624) > [Render] 		- Mode 32 : 1440 x 1080 @  60 Hz, stereo = 0, hdr = 0
20:54:03:123 (00008624) > [Render] 		- Mode 33 : 1440 x 1080 @  75 Hz, stereo = 0, hdr = 0
20:54:03:123 (00008624) > [Render] 		- Mode 34 : 1440 x 1080 @  75 Hz, stereo = 0, hdr = 0
20:54:03:123 (00008624) > [Render] 		- Mode 35 : 1440 x 1080 @  60 Hz, stereo = 0, hdr = 0
20:54:03:123 (00008624) > [Render] 		- Mode 36 : 1440 x 1080 @  60 Hz, stereo = 0, hdr = 0
20:54:03:123 (00008624) > [Render] 		- Mode 37 : 1600 x  900 @  60 Hz, stereo = 0, hdr = 0
20:54:03:123 (00008624) > [Render] 		- Mode 38 : 1600 x 1024 @  60 Hz, stereo = 0, hdr = 0
20:54:03:123 (00008624) > [Render] 		- Mode 39 : 1600 x 1024 @  60 Hz, stereo = 0, hdr = 0
20:54:03:123 (00008624) > [Render] 		- Mode 40 : 1680 x 1050 @  60 Hz, stereo = 0, hdr = 0
20:54:03:123 (00008624) > [Render] 		- Mode 41 : 1920 x 1080 @  50 Hz, stereo = 0, hdr = 0
20:54:03:123 (00008624) > [Render] 		- Mode 42 : 1920 x 1080 @  60 Hz, stereo = 0, hdr = 0
20:54:03:123 (00008624) > [Render] 		- Mode 43 : 1920 x 1080 @  75 Hz, stereo = 0, hdr = 0
20:54:03:123 (00008624) > [Render] 		- Mode 44 : 1920 x 1080 @  60 Hz, stereo = 0, hdr = 0
20:54:03:123 (00008624) > [Render] ***** Additional Monitor Output Info *****
20:54:03:123 (00008624) > [Render] 		BitsPerColor: 8
20:54:03:123 (00008624) > [Render] 		Primaries: R=0.6738;0.3125  G=0.2813;0.6582  B=0.1455;0.0723  White-Point=0.3135;0.3291
20:54:03:123 (00008624) > [Render] 		HDR: No (Color Space: DXGI_COLOR_SPACE_RGB_FULL_G22_NONE_P709)
20:54:03:123 (00008624) > [Render] 		Luminance: Min=0.5000 Max=270.0000 MaxFullFrame=270.0000
20:54:03:123 (00008624) > [Render] ******************************************
20:54:03:123 (00008624) > [Render] 
20:54:03:231 (00008624) > [NxApp] RAY TRACING ENABLED: Ray Tracing Tier 1.1 support detected
20:54:03:231 (00008624) > [NxReflex] Reflex support result:Result::eOk
20:54:03:231 (00008624) > [NxReflex] DLSSG support result:Result::eOk
20:54:03:249 (00008624) > [D3D] Max supported feature level: 11.0
20:54:03:249 (00008624) > [Render] Disabled D3D12 experimentals
20:54:03:249 (00008624) > [Render] VMEM Budget: 15282 MB
20:54:03:249 (00008624) > [Render] VMEM Avaialbe: 15266 MB
20:54:03:842 (00008624) > [Render] GPU node count: 1
20:54:03:862 (00008624) > [NxApp] PreInit successful.
20:54:03:862 (00008624) > [NxUpscaler] SL DLSS support: Result::eOk
20:54:04:072 (00008624) > [NxUpscaler] XeSS init, code = 0
20:54:04:096 (00008624) > [NxApp] Querying GPU Driver Info...
20:54:04:096 (00008624) > [NxApp] Enumerating available display adapters:
20:54:04:100 (00008624) > [NxApp] 		NVIDIA GeForce RTX 4080 (active)
20:54:04:100 (00008624) > [NxApp] Successfully found GPU Driver Info
20:54:04:101 (00008624) > [NxReflex] Reflex support result:Result::eOk
20:54:04:103 (00008624) > [NxReflex] DLSSG support result:Result::eOk
20:54:04:103 (00008624) > [NxApp] Querying GPU Driver Info...
20:54:04:103 (00008624) > [NxApp] Enumerating available display adapters:
20:54:04:107 (00008624) > [NxApp] 		NVIDIA GeForce RTX 4080 (active)
20:54:04:107 (00008624) > [NxApp] Successfully found GPU Driver Info
20:54:04:107 (00008624) > [NxApp] Driver Desc: NVIDIA GeForce RTX 4080
20:54:04:107 (00008624) > [NxApp] Driver Version: 555.85
20:54:04:107 (00008624) > [**************************************************Display + Graphics Settings**************************************************] 
20:54:04:107 (00008624) > [Settings] DirectX Version: 12
20:54:04:107 (00008624) > [Settings] Window mode: Exclusive fullscreen
20:54:04:107 (00008624) > [Settings] Fullscreen display mode:
20:54:04:107 (00008624) > [Settings] 	Displaying on monitor: 0
20:54:04:107 (00008624) > [Settings] 	Resolution: 2560x1440
20:54:04:107 (00008624) > [Settings] Settings Refresh rate: 144
20:54:04:107 (00008624) > [Settings] 	HDR: Off
20:54:04:107 (00008624) > [Settings] 	OS reported Refresh rate: 144
20:54:04:107 (00008624) > [Settings] 	VSync: On
20:54:04:107 (00008624) > [Settings] 	Reflex: Low Latency with Boost
20:54:04:107 (00008624) > [Settings] 	DLSSG: False
20:54:04:107 (00008624) > [Settings] 	Resolution modifier 1.000000
20:54:04:107 (00008624) > [Settings] 	Dynamic resolution FPS target: 0
20:54:04:107 (00008624) > [Settings] Anti aliasing: DLAA

20:54:04:107 (00008624) > [Settings] Upscale method: None

20:54:04:107 (00008624) > [Settings] Upscale quality: Quality

20:54:04:107 (00008624) > [Settings] Upscale sharpen value: 0.500000

20:54:04:107 (00008624) > [Settings] Graphics Options:
20:54:04:107 (00008624) > [Settings] 	RT Reflections: On
20:54:04:107 (00008624) > [Settings] 		RT Reflection Resolution: Very High
20:54:04:107 (00008624) > [Settings] 		RT Geometry Detail: Very High
20:54:04:107 (00008624) > [Settings] 		RT Object Scale: 1.000000
20:54:04:107 (00008624) > [Settings] 	RT Shadows: Very High
20:54:04:107 (00008624) > [Settings] 	Texture Quality: Ultra
20:54:04:107 (00008624) > [Settings] 	Texture Filtering: Anisotropic16x
20:54:04:107 (00008624) > [Settings] 	Shadow Quality: Ultra
20:54:04:107 (00008624) > [Settings] 	Depth of Field: High
20:54:04:107 (00008624) > [Settings] 	Level of Detail: Ultra
20:54:04:107 (00008624) > [Settings] 	Vehicle Detail: High
20:54:04:107 (00008624) > [Settings] 	Crowd Detail: High
20:54:04:107 (00008624) > [Settings] 	Hair Quality: High
20:54:04:107 (00008624) > [Settings] 	Ambient Occlusion: HBAO+
20:54:04:107 (00008624) > [Settings] 	Screen Space Reflections: Normal
20:54:04:107 (00008624) > [Settings] 	Particle Lighting: Very High

20:54:04:107 (00008624) > [Settings] 	Bloom: On
20:54:04:107 (00008624) > [Settings] 	Vignette: On
20:54:04:107 (00008624) > [Settings] 	Chromatic Aberration: On
20:54:04:107 (00008624) > [Settings] 	Motion Blur: 1.000000
20:54:04:107 (00008624) > [Settings] 	FOV Correction: 1.000000
20:54:04:107 (00008624) > [Settings] 	Film Grain Strength: 1.000000
20:54:04:107 (00008624) > [Settings] 	Sharpness: 1.000000
20:54:04:107 (00008624) > [Settings] 	Lens Flares: On
20:54:04:107 (00008624) > [Settings] 	Screen Effects: On
20:54:04:107 (00008624) > [**************************************************Display + Graphics Settings**************************************************] 
20:54:04:107 (00008624) > [NxApp] Creating window...
20:54:04:109 (00018412) > [GameWindow] UpdateState bVisible true
20:54:04:119 (00018412) > [Input] Keyboard language: "Русский (Россия)" (id: 1049)
20:54:04:119 (00018412) > [Input] Keyboard physical layout: "Russian" (id: 00000419)
20:54:04:119 (00018412) > [Input] Joystick            ""   product 64123 vendor 9639 version 833 usage 0 usagePage 65281 xinput no
20:54:04:119 (00018412) > [Input] Keyboard            "HID Keyboard Device"   type 81 subType 0 mode 1 function 12 indicators 3 total 264
20:54:04:119 (00018412) > [Input] Joystick            ""   product 64123 vendor 9639 version 833 usage 1 usagePage 12 xinput no
20:54:04:119 (00018412) > [Input] Mouse               "HID-compliant mouse"   id 256 buttons 5 sampleRate 0 horizontalWheel no
20:54:04:119 (00018412) > [Input] Joystick            ""   product 64123 vendor 9639 version 833 usage 0 usagePage 65283 xinput no
20:54:04:119 (00018412) > [Input] Joystick            ""   product 45570 vendor 3504 version 3 usage 1 usagePage 65472 xinput no
20:54:04:119 (00018412) > [Input] Joystick            ""   product 596 vendor 5215 version 256 usage 1 usagePage 12 xinput no
20:54:04:119 (00018412) > [Input] Joystick            ""   product 32050 vendor 5218 version 1 usage 0 usagePage 1 xinput no
20:54:04:119 (00018412) > [Input] Joystick            ""   product 32774 vendor 3141 version 262 usage 1 usagePage 65535 xinput no
20:54:04:119 (00018412) > [Input] Joystick            ""   product 32774 vendor 3141 version 262 usage 1 usagePage 12 xinput no
20:54:04:119 (00018412) > [Input] Mouse               "HID-compliant mouse"   id 256 buttons 5 sampleRate 0 horizontalWheel no
20:54:04:119 (00018412) > [Input] Keyboard            "HID Keyboard Device"   type 81 subType 0 mode 1 function 12 indicators 3 total 120
20:54:04:119 (00018412) > [Input] Keyboard            "HID Keyboard Device"   type 81 subType 0 mode 1 function 12 indicators 3 total 264
20:54:04:123 (00018412) > [Input] Using LibScePad
20:54:04:124 (00018412) > [XInput] Enumerating available xusb hid devices:

20:54:04:128 (00008624) > [NxApp] Window created.
20:54:04:128 (00008624) > [NxApp] Initializing swapchain...
20:54:04:128 (00005568) > [SwapChain] Creating...
20:54:04:128 (00005568) > [NxSwapChainImpl] Swapchain native backbuffer (windows) resolution: 2560x1440
20:54:04:164 (00005568) > [DXGI] Created swapchain.
20:54:05:225 (00005568) > [DXGI] Set-up exclusive fullscreen 
20:54:05:225 (00005568) > [NxDXGI] Creating exclusive fullscreen swapchain with refresh rate 144
20:54:05:300 (00005568) > [SwapChain] Gamma correction is enabled.
20:54:05:300 (00005568) > [SwapChain] Successfully created.
20:54:05:300 (00005568) > [NxSwapChainImpl] Swapchain native backbuffer (windows) resolution: 2560x1440
20:54:05:300 (00008624) > [NxApp] Swapchain initialized
20:54:05:300 (00008624) > [NxApp] Initializing renderer...
20:54:05:300 (00008624) > [NxApp] Renderer initialized
20:54:05:301 (00008624) > [NxProcessorInfo] Custom affinity 0 selected.
20:54:05:301 (00008624) > [NxProcessorInfo] Processor info:
20:54:05:301 (00008624) > [NxProcessorInfo] 	Physical Core:     	12
20:54:05:301 (00008624) > [NxProcessorInfo] 		Performance Core:   8
20:54:05:301 (00008624) > [NxProcessorInfo] 		Efficiency  Core:   4
20:54:05:301 (00008624) > [NxProcessorInfo] 	Logical  Core:     	20
20:54:05:301 (00008624) > [NxProcessorInfo] 	Distinct L3 Cache: 	1
20:54:05:301 (00008624) > [NxProcessorInfo] 	Family:            	6
20:54:05:301 (00008624) > [NxProcessorInfo] 	Model:             	151
20:54:05:301 (00008624) > [NxProcessorInfo] 	Name:              	12th Gen Intel(R) Core(TM) i7-12700KF
20:54:05:301 (00008624) > [NxProcessorInfo] 	NormalAffinity(auto)
20:54:05:339 (00008624) > [Render] File cache.pso contains 10041 pipelines and 0 duplicates
20:54:05:348 (00008624) > [Render] File C:\Users\<username>\AppData\Roaming\Insomniac Games\Marvel's Spider-Man Miles Morales\\cache.pso contains 83 pipelines and 0 duplicates
20:54:05:348 (00008624) > [Render] Support for Shader Model 6.6: Yes
20:54:05:348 (00008624) > [Render] Is UMA: No Is Cache Coherent: No
20:54:05:348 (00008624) > [Render] Using Cpu Buffer Optimize: No
20:54:08:851 (00002776) > [Audio] Device (re)initialized 0x0 'Realtek Digital Output (Realtek USB Audio)'
20:54:09:448 (00018356) > [PSN] AuthenticationRequest: 400
20:54:10:193 (00006888) > [Save] Request type 3 failed with code 0x00000002
20:54:10:201 (00006888) > [Save] Request type 3 failed with code 0x00000002
20:54:22:908 (00008624) > [Save] Request load save type 0, control 128, target -1
20:54:22:916 (00006888) > [Save] Request type 3 failed with code 0x00000002
20:54:22:927 (00008624) > [Save] Request load save type 0, control 128, target -1
20:54:22:938 (00006888) > [Save] Request type 3 failed with code 0x00000002
20:54:22:951 (00008624) > [Save] Request load save type 0, control 128, target -1
20:54:22:955 (00006888) > [Save] Request type 3 failed with code 0x00000002
20:54:22:970 (00008624) > [Save] Request load save type 0, control 128, target -1
20:54:22:976 (00006888) > [Save] Request type 3 failed with code 0x00000002
20:54:22:990 (00008624) > [Save] Request load save type 0, control 128, target -1
20:54:22:997 (00006888) > [Save] Request type 3 failed with code 0x00000002
20:54:23:011 (00008624) > [Save] Request load save type 0, control 128, target -1
20:54:56:882 (00008624) > [Save] Request save type 0, control 0
20:54:56:882 (00008624) > [Save] Request save type 0, control 0
20:54:56:882 (00008624) > [Save] Request save type 0, control 0
20:54:56:882 (00008624) > [Save] Request save type 0, control 0
20:54:56:883 (00008624) > [Save] Request save type 0, control 0
20:54:56:883 (00008624) > [Save] Request save type 0, control 0
20:54:56:883 (00008624) > [Save] Request save type 0, control 0
20:54:56:883 (00008624) > [Save] Request save type 0, control 0
20:54:56:883 (00008624) > [Save] Request save type 0, control 0
20:54:56:883 (00008624) > [Save] Request save type 0, control 0
20:54:56:975 (00008624) > [Save] Request load save type 0, control 128, target -1
20:55:01:508 (00008624) > [Save] Request load save type 0, control 128, target -1
20:55:08:578 (00018220) > [Render] Working set: 5776MB Page file: 16548MB Video Budget: 15282MB Video Usage: 8155MB Sys Budget: 14517MB Sys Usage: 973MB Tex Usage: 2988MB Tex Budget: 3874MB BVH heaps: 180MB BVH size: 153MB Demoted: 0MB fps: 109.533340
20:55:20:773 (00008624) > [Save] Request load save type 0, control 128, target -1
20:55:38:007 (00008624) > [Save] Request save type 2, control 0
20:55:38:165 (00008624) > [Save] Request save type 0, control 0
20:55:38:175 (00008624) > [Save] Request save type 0, control 0
20:56:08:585 (00018220) > [Render] Working set: 5982MB Page file: 17882MB Video Budget: 15282MB Video Usage: 9118MB Sys Budget: 14517MB Sys Usage: 1103MB Tex Usage: 3869MB Tex Budget: 3874MB BVH heaps: 180MB BVH size: 153MB Demoted: 0MB fps: 90.900002
20:57:01:328 (00008624) > [Save] Request save type 0, control 0
20:57:01:566 (00008624) > [Save] Request save type 0, control 36
20:57:08:215 (00008624) > [Save] Request load save type 0, control 128, target -1
20:57:08:578 (00018220) > [Render] Working set: 6126MB Page file: 15843MB Video Budget: 15282MB Video Usage: 7209MB Sys Budget: 14517MB Sys Usage: 1105MB Tex Usage: 1973MB Tex Budget: 3874MB BVH heaps: 180MB BVH size: 153MB Demoted: 0MB fps: 81.366669
20:57:28:345 (00008624) > [Save] Request save type 0, control 52
20:57:28:730 (00002776) > [Audio] Device removed 0x0
20:57:28:870 (00008624) > [NxApp] Destroying
20:57:29:985 (00008624) > [DXGI] Destroyed swapchain.
20:57:29:985 (00008624) > [SwapChain] Destroyed.
20:57:29:985 (00008624) > [SwapChain] Released.
20:57:29:985 (00008624) > [Render] Unloading NVAPI
20:57:29:985 (00008624) > [Render] Done unloading NVAPI
20:57:29:986 (00008624) > [DXGI] Destroyed swapchain.
20:57:29:986 (00008624) > [DXGI] Released.
--- NIXXES log closed ---
