20:52:27:380 (00017760) > [Startup] Horizon Forbidden West™ Complete Edition
20:52:27:380 (00017760) > [Startup] ==============
20:52:27:380 (00017760) > [Startup] 
20:52:27:380 (00017760) > [Startup] Build: v1.0.37.0
20:52:27:380 (00017760) > [Startup] Windows 11.0 (build 22631.3593)
20:52:27:380 (00017760) > [Startup] Distribution platform: Steam
20:52:27:380 (00017760) > [Startup] Game directory: C:\Users\<username>\Documents\Horizon Forbidden West Complete Edition\
20:52:27:380 (00017760) > [Startup] Working directory: B:\Games\Horizon Forbidden West Complete Edition
20:52:27:380 (00017760) > [Startup] Run ID: 2C30-6BEF-13FF-036B
20:52:27:380 (00017760) > [Startup] 
20:52:27:380 (00017760) > [Startup] Memory statistics:
20:52:27:380 (00017760) > [Startup]   Total RAM = 29.9 GB (30570 MB)
20:52:27:380 (00017760) > [Startup]   Avail RAM = 22.9 GB (23420 MB)
20:52:27:380 (00017760) > [Startup]   Total virtual memory = 131072.0 GB (134217727 MB)
20:52:27:380 (00017760) > [Startup]   Avail virtual memory = 131067.7 GB (134213337 MB)
20:52:27:380 (00017760) > [Startup]   Total page file = 31.7 GB (32490 MB)
20:52:27:380 (00017760) > [Startup]   Avail page file = 22.3 GB (22844 MB)
20:52:27:380 (00017760) > [Startup] 
20:52:27:380 (00017760) > [Steam] Initializing.
20:52:27:380 (00017760) > [Steam] Successfully initialized.
20:52:27:380 (00017760) > [Steam] Currently connected to 0 remote sessions
20:52:27:443 (00017760) > [NxApp] PreInit
20:52:27:443 (00017760) > [SwapChain] Initializing...
20:52:27:443 (00017760) > [DXGI] Initializing...
20:52:28:343 (00017760) > [NxApp] Streamline was successfully initialized.
20:52:28:343 (00017760) > [DXGI] Successfully initialized.
20:52:28:343 (00017760) > [Render] Enumerating adapters:
20:52:28:343 (00017760) > [Render] 	Adapter 0:
20:52:28:343 (00017760) > [Monitor] 		Description             : NVIDIA GeForce RTX 4080
20:52:28:343 (00017760) > [Monitor] 		Vendor                  : nVidia (10de)
20:52:28:343 (00017760) > [Monitor] 		Device                  : 2704
20:52:28:343 (00017760) > [Monitor] 		Sub system              : 40c51458
20:52:28:343 (00017760) > [Monitor] 		Revision                : 161
20:52:28:343 (00017760) > [Monitor] 		Dedicated Video Memory  : 16050 MB
20:52:28:343 (00017760) > [Monitor] 		Dedicated System Memory : 0000 MB
20:52:28:343 (00017760) > [Monitor] 		Shared System Memory    : 15285 MB
20:52:28:343 (00017760) > [Monitor] 
20:52:28:343 (00017760) > [Render] Loading NVAPI...
20:52:28:344 (00017760) > [Render] Done loading NVAPI
20:52:28:344 (00017760) > [Render] 	Adapter 1:
20:52:28:344 (00017760) > [Monitor] 		Description             : Microsoft Basic Render Driver
20:52:28:344 (00017760) > [Monitor] 		Vendor                  : Unknown (1414)
20:52:28:344 (00017760) > [Monitor] 		Device                  : 8c
20:52:28:344 (00017760) > [Monitor] 		Sub system              : 0
20:52:28:344 (00017760) > [Monitor] 		Revision                : 0
20:52:28:344 (00017760) > [Monitor] 		Dedicated Video Memory  : 0000 MB
20:52:28:344 (00017760) > [Monitor] 		Dedicated System Memory : 0000 MB
20:52:28:344 (00017760) > [Monitor] 		Shared System Memory    : 15285 MB
20:52:28:344 (00017760) > [Monitor] 
20:52:28:344 (00017760) > [Render] Enumerating monitors:
20:52:28:344 (00017760) > [Render] 	Monitor 0: handle = 0000000000010003, aspect = 1.83, rounded aspect = 1.83
20:52:28:344 (00017760) > [Render] 	Monitor 1: handle = 0000000000010001, aspect = 1.78, rounded aspect = 1.78
20:52:28:344 (00017760) > [Render] 
20:52:28:344 (00017760) > [Render] 	Monitor handle = 0000000000010001, pixel aspect ratio = 1.00
20:52:28:345 (00017760) > [Render] 	Monitor handle = 0000000000010003, pixel aspect ratio = 0.97
20:52:28:345 (00017760) > [SwapChain] Successfully initialized.
20:52:28:345 (00017760) > [Render] Enumerating Display Modes:
20:52:28:346 (00017760) > [Render] Querying NVAPI for Surround modes
20:52:28:413 (00017760) > [Render] NvAPI_Mosaic_GetDisplayViewportsByResolution() - no surround modes detected
20:52:28:413 (00017760) > [Render] Querying NVAPI for Surround modes
20:52:28:433 (00017760) > [Render] NvAPI_Mosaic_GetDisplayViewportsByResolution() - no surround modes detected
20:52:28:433 (00017760) > [Render] 	Monitor '1 (NVIDIA GeForce RTX 4080(1))' (0000000000010001): rect(0 2560 0 1440)
20:52:28:433 (00017760) > [Render] 		- Mode  0 :  800 x  600 @  75 Hz, stereo = 0, hdr = 0 exclusive = 0
20:52:28:433 (00017760) > [Render] 		- Mode  1 :  800 x  600 @ 120 Hz, stereo = 0, hdr = 0 exclusive = 0
20:52:28:433 (00017760) > [Render] 		- Mode  2 :  800 x  600 @ 120 Hz, stereo = 0, hdr = 0 exclusive = 0
20:52:28:433 (00017760) > [Render] 		- Mode  3 :  800 x  600 @  56 Hz, stereo = 0, hdr = 0 exclusive = 0
20:52:28:433 (00017760) > [Render] 		- Mode  4 :  800 x  600 @  60 Hz, stereo = 0, hdr = 0 exclusive = 0
20:52:28:433 (00017760) > [Render] 		- Mode  5 :  800 x  600 @  72 Hz, stereo = 0, hdr = 0 exclusive = 0
20:52:28:433 (00017760) > [Render] 		- Mode  6 :  800 x  600 @ 120 Hz, stereo = 0, hdr = 0 exclusive = 0
20:52:28:433 (00017760) > [Render] 		- Mode  7 :  800 x  600 @ 120 Hz, stereo = 0, hdr = 0 exclusive = 0
20:52:28:433 (00017760) > [Render] 		- Mode  8 :  800 x  600 @ 144 Hz, stereo = 0, hdr = 0 exclusive = 0
20:52:28:433 (00017760) > [Render] 		- Mode  9 :  800 x  600 @ 144 Hz, stereo = 0, hdr = 0 exclusive = 0
20:52:28:433 (00017760) > [Render] 		- Mode 10 : 1024 x  768 @ 120 Hz, stereo = 0, hdr = 0 exclusive = 0
20:52:28:433 (00017760) > [Render] 		- Mode 11 : 1024 x  768 @ 120 Hz, stereo = 0, hdr = 0 exclusive = 0
20:52:28:433 (00017760) > [Render] 		- Mode 12 : 1024 x  768 @  60 Hz, stereo = 0, hdr = 0 exclusive = 0
20:52:28:433 (00017760) > [Render] 		- Mode 13 : 1024 x  768 @  70 Hz, stereo = 0, hdr = 0 exclusive = 0
20:52:28:433 (00017760) > [Render] 		- Mode 14 : 1024 x  768 @  75 Hz, stereo = 0, hdr = 0 exclusive = 0
20:52:28:433 (00017760) > [Render] 		- Mode 15 : 1024 x  768 @ 120 Hz, stereo = 0, hdr = 0 exclusive = 0
20:52:28:433 (00017760) > [Render] 		- Mode 16 : 1024 x  768 @ 120 Hz, stereo = 0, hdr = 0 exclusive = 0
20:52:28:433 (00017760) > [Render] 		- Mode 17 : 1024 x  768 @ 144 Hz, stereo = 0, hdr = 0 exclusive = 0
20:52:28:433 (00017760) > [Render] 		- Mode 18 : 1024 x  768 @ 144 Hz, stereo = 0, hdr = 0 exclusive = 0
20:52:28:433 (00017760) > [Render] 		- Mode 19 : 1152 x  864 @  75 Hz, stereo = 0, hdr = 0 exclusive = 0
20:52:28:433 (00017760) > [Render] 		- Mode 20 : 1152 x  864 @ 120 Hz, stereo = 0, hdr = 0 exclusive = 0
20:52:28:433 (00017760) > [Render] 		- Mode 21 : 1152 x  864 @ 120 Hz, stereo = 0, hdr = 0 exclusive = 0
20:52:28:433 (00017760) > [Render] 		- Mode 22 : 1152 x  864 @ 120 Hz, stereo = 0, hdr = 0 exclusive = 0
20:52:28:433 (00017760) > [Render] 		- Mode 23 : 1152 x  864 @ 120 Hz, stereo = 0, hdr = 0 exclusive = 0
20:52:28:433 (00017760) > [Render] 		- Mode 24 : 1152 x  864 @ 144 Hz, stereo = 0, hdr = 0 exclusive = 0
20:52:28:433 (00017760) > [Render] 		- Mode 25 : 1152 x  864 @ 144 Hz, stereo = 0, hdr = 0 exclusive = 0
20:52:28:433 (00017760) > [Render] 		- Mode 26 : 1176 x  664 @  50 Hz, stereo = 0, hdr = 0 exclusive = 0
20:52:28:433 (00017760) > [Render] 		- Mode 27 : 1176 x  664 @  50 Hz, stereo = 0, hdr = 0 exclusive = 0
20:52:28:433 (00017760) > [Render] 		- Mode 28 : 1176 x  664 @  60 Hz, stereo = 0, hdr = 0 exclusive = 0
20:52:28:433 (00017760) > [Render] 		- Mode 29 : 1176 x  664 @  60 Hz, stereo = 0, hdr = 0 exclusive = 0
20:52:28:433 (00017760) > [Render] 		- Mode 30 : 1176 x  664 @  60 Hz, stereo = 0, hdr = 0 exclusive = 0
20:52:28:433 (00017760) > [Render] 		- Mode 31 : 1176 x  664 @  60 Hz, stereo = 0, hdr = 0 exclusive = 0
20:52:28:433 (00017760) > [Render] 		- Mode 32 : 1280 x  720 @  50 Hz, stereo = 0, hdr = 0 exclusive = 0
20:52:28:433 (00017760) > [Render] 		- Mode 33 : 1280 x  720 @  60 Hz, stereo = 0, hdr = 0 exclusive = 0
20:52:28:433 (00017760) > [Render] 		- Mode 34 : 1280 x  720 @ 120 Hz, stereo = 0, hdr = 0 exclusive = 0
20:52:28:433 (00017760) > [Render] 		- Mode 35 : 1280 x  720 @ 120 Hz, stereo = 0, hdr = 0 exclusive = 0
20:52:28:433 (00017760) > [Render] 		- Mode 36 : 1280 x  720 @  60 Hz, stereo = 0, hdr = 0 exclusive = 0
20:52:28:433 (00017760) > [Render] 		- Mode 37 : 1280 x  720 @ 120 Hz, stereo = 0, hdr = 0 exclusive = 0
20:52:28:433 (00017760) > [Render] 		- Mode 38 : 1280 x  720 @ 120 Hz, stereo = 0, hdr = 0 exclusive = 0
20:52:28:433 (00017760) > [Render] 		- Mode 39 : 1280 x  720 @ 144 Hz, stereo = 0, hdr = 0 exclusive = 0
20:52:28:433 (00017760) > [Render] 		- Mode 40 : 1280 x  720 @ 144 Hz, stereo = 0, hdr = 0 exclusive = 0
20:52:28:433 (00017760) > [Render] 		- Mode 41 : 1280 x  768 @ 120 Hz, stereo = 0, hdr = 0 exclusive = 0
20:52:28:433 (00017760) > [Render] 		- Mode 42 : 1280 x  768 @ 120 Hz, stereo = 0, hdr = 0 exclusive = 0
20:52:28:433 (00017760) > [Render] 		- Mode 43 : 1280 x  768 @  60 Hz, stereo = 0, hdr = 0 exclusive = 0
20:52:28:433 (00017760) > [Render] 		- Mode 44 : 1280 x  768 @  60 Hz, stereo = 0, hdr = 0 exclusive = 0
20:52:28:433 (00017760) > [Render] 		- Mode 45 : 1280 x  768 @ 120 Hz, stereo = 0, hdr = 0 exclusive = 0
20:52:28:433 (00017760) > [Render] 		- Mode 46 : 1280 x  768 @ 120 Hz, stereo = 0, hdr = 0 exclusive = 0
20:52:28:433 (00017760) > [Render] 		- Mode 47 : 1280 x  768 @ 144 Hz, stereo = 0, hdr = 0 exclusive = 0
20:52:28:433 (00017760) > [Render] 		- Mode 48 : 1280 x  768 @ 144 Hz, stereo = 0, hdr = 0 exclusive = 0
20:52:28:433 (00017760) > [Render] 		- Mode 49 : 1280 x  800 @ 120 Hz, stereo = 0, hdr = 0 exclusive = 0
20:52:28:433 (00017760) > [Render] 		- Mode 50 : 1280 x  800 @ 120 Hz, stereo = 0, hdr = 0 exclusive = 0
20:52:28:433 (00017760) > [Render] 		- Mode 51 : 1280 x  800 @  60 Hz, stereo = 0, hdr = 0 exclusive = 0
20:52:28:433 (00017760) > [Render] 		- Mode 52 : 1280 x  800 @ 120 Hz, stereo = 0, hdr = 0 exclusive = 0
20:52:28:433 (00017760) > [Render] 		- Mode 53 : 1280 x  800 @ 120 Hz, stereo = 0, hdr = 0 exclusive = 0
20:52:28:433 (00017760) > [Render] 		- Mode 54 : 1280 x  800 @ 144 Hz, stereo = 0, hdr = 0 exclusive = 0
20:52:28:433 (00017760) > [Render] 		- Mode 55 : 1280 x  800 @ 144 Hz, stereo = 0, hdr = 0 exclusive = 0
20:52:28:433 (00017760) > [Render] 		- Mode 56 : 1280 x  960 @  60 Hz, stereo = 0, hdr = 0 exclusive = 0
20:52:28:433 (00017760) > [Render] 		- Mode 57 : 1280 x  960 @ 120 Hz, stereo = 0, hdr = 0 exclusive = 0
20:52:28:433 (00017760) > [Render] 		- Mode 58 : 1280 x  960 @ 120 Hz, stereo = 0, hdr = 0 exclusive = 0
20:52:28:433 (00017760) > [Render] 		- Mode 59 : 1280 x  960 @ 120 Hz, stereo = 0, hdr = 0 exclusive = 0
20:52:28:433 (00017760) > [Render] 		- Mode 60 : 1280 x  960 @ 120 Hz, stereo = 0, hdr = 0 exclusive = 0
20:52:28:433 (00017760) > [Render] 		- Mode 61 : 1280 x  960 @ 144 Hz, stereo = 0, hdr = 0 exclusive = 0
20:52:28:433 (00017760) > [Render] 		- Mode 62 : 1280 x  960 @ 144 Hz, stereo = 0, hdr = 0 exclusive = 0
20:52:28:433 (00017760) > [Render] 		- Mode 63 : 1280 x 1024 @ 120 Hz, stereo = 0, hdr = 0 exclusive = 0
20:52:28:433 (00017760) > [Render] 		- Mode 64 : 1280 x 1024 @ 120 Hz, stereo = 0, hdr = 0 exclusive = 0
20:52:28:433 (00017760) > [Render] 		- Mode 65 : 1280 x 1024 @  60 Hz, stereo = 0, hdr = 0 exclusive = 0
20:52:28:433 (00017760) > [Render] 		- Mode 66 : 1280 x 1024 @  75 Hz, stereo = 0, hdr = 0 exclusive = 0
20:52:28:433 (00017760) > [Render] 		- Mode 67 : 1280 x 1024 @ 120 Hz, stereo = 0, hdr = 0 exclusive = 0
20:52:28:433 (00017760) > [Render] 		- Mode 68 : 1280 x 1024 @ 120 Hz, stereo = 0, hdr = 0 exclusive = 0
20:52:28:433 (00017760) > [Render] 		- Mode 69 : 1280 x 1024 @ 144 Hz, stereo = 0, hdr = 0 exclusive = 0
20:52:28:433 (00017760) > [Render] 		- Mode 70 : 1280 x 1024 @ 144 Hz, stereo = 0, hdr = 0 exclusive = 0
20:52:28:433 (00017760) > [Render] 		- Mode 71 : 1360 x  768 @ 120 Hz, stereo = 0, hdr = 0 exclusive = 0
20:52:28:433 (00017760) > [Render] 		- Mode 72 : 1360 x  768 @ 120 Hz, stereo = 0, hdr = 0 exclusive = 0
20:52:28:433 (00017760) > [Render] 		- Mode 73 : 1360 x  768 @  60 Hz, stereo = 0, hdr = 0 exclusive = 0
20:52:28:433 (00017760) > [Render] 		- Mode 74 : 1360 x  768 @  60 Hz, stereo = 0, hdr = 0 exclusive = 0
20:52:28:433 (00017760) > [Render] 		- Mode 75 : 1360 x  768 @ 120 Hz, stereo = 0, hdr = 0 exclusive = 0
20:52:28:433 (00017760) > [Render] 		- Mode 76 : 1360 x  768 @ 120 Hz, stereo = 0, hdr = 0 exclusive = 0
20:52:28:433 (00017760) > [Render] 		- Mode 77 : 1360 x  768 @ 144 Hz, stereo = 0, hdr = 0 exclusive = 0
20:52:28:433 (00017760) > [Render] 		- Mode 78 : 1360 x  768 @ 144 Hz, stereo = 0, hdr = 0 exclusive = 0
20:52:28:433 (00017760) > [Render] 		- Mode 79 : 1366 x  768 @ 120 Hz, stereo = 0, hdr = 0 exclusive = 0
20:52:28:433 (00017760) > [Render] 		- Mode 80 : 1366 x  768 @ 120 Hz, stereo = 0, hdr = 0 exclusive = 0
20:52:28:433 (00017760) > [Render] 		- Mode 81 : 1366 x  768 @  60 Hz, stereo = 0, hdr = 0 exclusive = 0
20:52:28:433 (00017760) > [Render] 		- Mode 82 : 1366 x  768 @  60 Hz, stereo = 0, hdr = 0 exclusive = 0
20:52:28:433 (00017760) > [Render] 		- Mode 83 : 1366 x  768 @ 120 Hz, stereo = 0, hdr = 0 exclusive = 0
20:52:28:433 (00017760) > [Render] 		- Mode 84 : 1366 x  768 @ 120 Hz, stereo = 0, hdr = 0 exclusive = 0
20:52:28:433 (00017760) > [Render] 		- Mode 85 : 1366 x  768 @ 144 Hz, stereo = 0, hdr = 0 exclusive = 0
20:52:28:433 (00017760) > [Render] 		- Mode 86 : 1366 x  768 @ 144 Hz, stereo = 0, hdr = 0 exclusive = 0
20:52:28:433 (00017760) > [Render] 		- Mode 87 : 1440 x  900 @ 120 Hz, stereo = 0, hdr = 0 exclusive = 0
20:52:28:433 (00017760) > [Render] 		- Mode 88 : 1440 x  900 @ 120 Hz, stereo = 0, hdr = 0 exclusive = 0
20:52:28:433 (00017760) > [Render] 		- Mode 89 : 1440 x  900 @  60 Hz, stereo = 0, hdr = 0 exclusive = 0
20:52:28:433 (00017760) > [Render] 		- Mode 90 : 1440 x  900 @ 120 Hz, stereo = 0, hdr = 0 exclusive = 0
20:52:28:433 (00017760) > [Render] 		- Mode 91 : 1440 x  900 @ 120 Hz, stereo = 0, hdr = 0 exclusive = 0
20:52:28:433 (00017760) > [Render] 		- Mode 92 : 1440 x  900 @ 144 Hz, stereo = 0, hdr = 0 exclusive = 0
20:52:28:433 (00017760) > [Render] 		- Mode 93 : 1440 x  900 @ 144 Hz, stereo = 0, hdr = 0 exclusive = 0
20:52:28:433 (00017760) > [Render] 		- Mode 94 : 1440 x 1080 @  50 Hz, stereo = 0, hdr = 0 exclusive = 0
20:52:28:433 (00017760) > [Render] 		- Mode 95 : 1440 x 1080 @  50 Hz, stereo = 0, hdr = 0 exclusive = 0
20:52:28:433 (00017760) > [Render] 		- Mode 96 : 1440 x 1080 @  60 Hz, stereo = 0, hdr = 0 exclusive = 0
20:52:28:433 (00017760) > [Render] 		- Mode 97 : 1440 x 1080 @  60 Hz, stereo = 0, hdr = 0 exclusive = 0
20:52:28:433 (00017760) > [Render] 		- Mode 98 : 1440 x 1080 @ 120 Hz, stereo = 0, hdr = 0 exclusive = 0
20:52:28:433 (00017760) > [Render] 		- Mode 99 : 1440 x 1080 @ 120 Hz, stereo = 0, hdr = 0 exclusive = 0
20:52:28:433 (00017760) > [Render] 		- Mode 100 : 1440 x 1080 @  60 Hz, stereo = 0, hdr = 0 exclusive = 0
20:52:28:433 (00017760) > [Render] 		- Mode 101 : 1440 x 1080 @  60 Hz, stereo = 0, hdr = 0 exclusive = 0
20:52:28:433 (00017760) > [Render] 		- Mode 102 : 1440 x 1080 @ 120 Hz, stereo = 0, hdr = 0 exclusive = 0
20:52:28:433 (00017760) > [Render] 		- Mode 103 : 1440 x 1080 @ 120 Hz, stereo = 0, hdr = 0 exclusive = 0
20:52:28:433 (00017760) > [Render] 		- Mode 104 : 1440 x 1080 @ 144 Hz, stereo = 0, hdr = 0 exclusive = 0
20:52:28:433 (00017760) > [Render] 		- Mode 105 : 1440 x 1080 @ 144 Hz, stereo = 0, hdr = 0 exclusive = 0
20:52:28:433 (00017760) > [Render] 		- Mode 106 : 1600 x  900 @ 120 Hz, stereo = 0, hdr = 0 exclusive = 0
20:52:28:433 (00017760) > [Render] 		- Mode 107 : 1600 x  900 @ 120 Hz, stereo = 0, hdr = 0 exclusive = 0
20:52:28:433 (00017760) > [Render] 		- Mode 108 : 1600 x  900 @  60 Hz, stereo = 0, hdr = 0 exclusive = 0
20:52:28:433 (00017760) > [Render] 		- Mode 109 : 1600 x  900 @  60 Hz, stereo = 0, hdr = 0 exclusive = 0
20:52:28:433 (00017760) > [Render] 		- Mode 110 : 1600 x  900 @ 120 Hz, stereo = 0, hdr = 0 exclusive = 0
20:52:28:433 (00017760) > [Render] 		- Mode 111 : 1600 x  900 @ 120 Hz, stereo = 0, hdr = 0 exclusive = 0
20:52:28:433 (00017760) > [Render] 		- Mode 112 : 1600 x  900 @ 144 Hz, stereo = 0, hdr = 0 exclusive = 0
20:52:28:433 (00017760) > [Render] 		- Mode 113 : 1600 x  900 @ 144 Hz, stereo = 0, hdr = 0 exclusive = 0
20:52:28:433 (00017760) > [Render] 		- Mode 114 : 1600 x 1024 @ 120 Hz, stereo = 0, hdr = 0 exclusive = 0
20:52:28:433 (00017760) > [Render] 		- Mode 115 : 1600 x 1024 @ 120 Hz, stereo = 0, hdr = 0 exclusive = 0
20:52:28:433 (00017760) > [Render] 		- Mode 116 : 1600 x 1024 @  60 Hz, stereo = 0, hdr = 0 exclusive = 0
20:52:28:433 (00017760) > [Render] 		- Mode 117 : 1600 x 1024 @  60 Hz, stereo = 0, hdr = 0 exclusive = 0
20:52:28:433 (00017760) > [Render] 		- Mode 118 : 1600 x 1024 @ 120 Hz, stereo = 0, hdr = 0 exclusive = 0
20:52:28:433 (00017760) > [Render] 		- Mode 119 : 1600 x 1024 @ 120 Hz, stereo = 0, hdr = 0 exclusive = 0
20:52:28:433 (00017760) > [Render] 		- Mode 120 : 1600 x 1024 @ 144 Hz, stereo = 0, hdr = 0 exclusive = 0
20:52:28:433 (00017760) > [Render] 		- Mode 121 : 1600 x 1024 @ 144 Hz, stereo = 0, hdr = 0 exclusive = 0
20:52:28:433 (00017760) > [Render] 		- Mode 122 : 1600 x 1200 @  60 Hz, stereo = 0, hdr = 0 exclusive = 0
20:52:28:433 (00017760) > [Render] 		- Mode 123 : 1600 x 1200 @  60 Hz, stereo = 0, hdr = 0 exclusive = 0
20:52:28:433 (00017760) > [Render] 		- Mode 124 : 1600 x 1200 @ 120 Hz, stereo = 0, hdr = 0 exclusive = 0
20:52:28:433 (00017760) > [Render] 		- Mode 125 : 1600 x 1200 @ 120 Hz, stereo = 0, hdr = 0 exclusive = 0
20:52:28:433 (00017760) > [Render] 		- Mode 126 : 1600 x 1200 @ 144 Hz, stereo = 0, hdr = 0 exclusive = 0
20:52:28:433 (00017760) > [Render] 		- Mode 127 : 1600 x 1200 @ 144 Hz, stereo = 0, hdr = 0 exclusive = 0
20:52:28:433 (00017760) > [Render] 		- Mode 128 : 1680 x 1050 @ 120 Hz, stereo = 0, hdr = 0 exclusive = 0
20:52:28:433 (00017760) > [Render] 		- Mode 129 : 1680 x 1050 @ 120 Hz, stereo = 0, hdr = 0 exclusive = 0
20:52:28:433 (00017760) > [Render] 		- Mode 130 : 1680 x 1050 @  60 Hz, stereo = 0, hdr = 0 exclusive = 0
20:52:28:433 (00017760) > [Render] 		- Mode 131 : 1680 x 1050 @ 120 Hz, stereo = 0, hdr = 0 exclusive = 0
20:52:28:433 (00017760) > [Render] 		- Mode 132 : 1680 x 1050 @ 120 Hz, stereo = 0, hdr = 0 exclusive = 0
20:52:28:433 (00017760) > [Render] 		- Mode 133 : 1680 x 1050 @ 144 Hz, stereo = 0, hdr = 0 exclusive = 0
20:52:28:433 (00017760) > [Render] 		- Mode 134 : 1680 x 1050 @ 144 Hz, stereo = 0, hdr = 0 exclusive = 0
20:52:28:433 (00017760) > [Render] 		- Mode 135 : 1920 x 1080 @  50 Hz, stereo = 0, hdr = 0 exclusive = 0
20:52:28:433 (00017760) > [Render] 		- Mode 136 : 1920 x 1080 @  60 Hz, stereo = 0, hdr = 0 exclusive = 0
20:52:28:433 (00017760) > [Render] 		- Mode 137 : 1920 x 1080 @ 120 Hz, stereo = 0, hdr = 0 exclusive = 0
20:52:28:433 (00017760) > [Render] 		- Mode 138 : 1920 x 1080 @  60 Hz, stereo = 0, hdr = 0 exclusive = 0
20:52:28:433 (00017760) > [Render] 		- Mode 139 : 1920 x 1080 @ 120 Hz, stereo = 0, hdr = 0 exclusive = 0
20:52:28:433 (00017760) > [Render] 		- Mode 140 : 1920 x 1080 @ 144 Hz, stereo = 0, hdr = 0 exclusive = 0
20:52:28:433 (00017760) > [Render] 		- Mode 141 : 1920 x 1080 @ 144 Hz, stereo = 0, hdr = 0 exclusive = 0
20:52:28:433 (00017760) > [Render] 		- Mode 142 : 1920 x 1200 @  60 Hz, stereo = 0, hdr = 0 exclusive = 0
20:52:28:433 (00017760) > [Render] 		- Mode 143 : 1920 x 1200 @  60 Hz, stereo = 0, hdr = 0 exclusive = 0
20:52:28:433 (00017760) > [Render] 		- Mode 144 : 1920 x 1200 @ 120 Hz, stereo = 0, hdr = 0 exclusive = 0
20:52:28:433 (00017760) > [Render] 		- Mode 145 : 1920 x 1200 @ 120 Hz, stereo = 0, hdr = 0 exclusive = 0
20:52:28:433 (00017760) > [Render] 		- Mode 146 : 1920 x 1200 @ 144 Hz, stereo = 0, hdr = 0 exclusive = 0
20:52:28:433 (00017760) > [Render] 		- Mode 147 : 1920 x 1200 @ 144 Hz, stereo = 0, hdr = 0 exclusive = 0
20:52:28:433 (00017760) > [Render] 		- Mode 148 : 1920 x 1440 @  60 Hz, stereo = 0, hdr = 0 exclusive = 0
20:52:28:433 (00017760) > [Render] 		- Mode 149 : 1920 x 1440 @  60 Hz, stereo = 0, hdr = 0 exclusive = 0
20:52:28:433 (00017760) > [Render] 		- Mode 150 : 1920 x 1440 @ 120 Hz, stereo = 0, hdr = 0 exclusive = 0
20:52:28:433 (00017760) > [Render] 		- Mode 151 : 1920 x 1440 @ 120 Hz, stereo = 0, hdr = 0 exclusive = 0
20:52:28:433 (00017760) > [Render] 		- Mode 152 : 1920 x 1440 @ 144 Hz, stereo = 0, hdr = 0 exclusive = 0
20:52:28:433 (00017760) > [Render] 		- Mode 153 : 1920 x 1440 @ 144 Hz, stereo = 0, hdr = 0 exclusive = 0
20:52:28:433 (00017760) > [Render] 		- Mode 154 : 2560 x 1440 @  60 Hz, stereo = 0, hdr = 0 exclusive = 0
20:52:28:433 (00017760) > [Render] 		- Mode 155 : 2560 x 1440 @ 120 Hz, stereo = 0, hdr = 0 exclusive = 0
20:52:28:433 (00017760) > [Render] 		- Mode 156 : 2560 x 1440 @ 144 Hz, stereo = 0, hdr = 0 exclusive = 0
20:52:28:433 (00017760) > [Render] ***** Additional Monitor Output Info *****
20:52:28:433 (00017760) > [Render] 		BitsPerColor: 8
20:52:28:433 (00017760) > [Render] 		Primaries: R=0.6777;0.3096  G=0.2656;0.6631  B=0.1484;0.0527  White-Point=0.3135;0.3291
20:52:28:433 (00017760) > [Render] 		HDR: No (Color Space: DXGI_COLOR_SPACE_RGB_FULL_G22_NONE_P709)
20:52:28:433 (00017760) > [Render] 		Luminance: Min=0.2928 Max=400.0000 MaxFullFrame=400.0000
20:52:28:433 (00017760) > [Render] ******************************************
20:52:28:433 (00017760) > [Render] 	Monitor '2 (NVIDIA GeForce RTX 4080(1))' (0000000000010003): rect(2560 4480 191 1271)
20:52:28:433 (00017760) > [Render] 		- Mode  0 :  800 x  600 @  75 Hz, stereo = 0, hdr = 0 exclusive = 0
20:52:28:433 (00017760) > [Render] 		- Mode  1 :  800 x  600 @  56 Hz, stereo = 0, hdr = 0 exclusive = 0
20:52:28:433 (00017760) > [Render] 		- Mode  2 :  800 x  600 @  60 Hz, stereo = 0, hdr = 0 exclusive = 0
20:52:28:433 (00017760) > [Render] 		- Mode  3 :  800 x  600 @  72 Hz, stereo = 0, hdr = 0 exclusive = 0
20:52:28:433 (00017760) > [Render] 		- Mode  4 : 1024 x  768 @  60 Hz, stereo = 0, hdr = 0 exclusive = 0
20:52:28:433 (00017760) > [Render] 		- Mode  5 : 1024 x  768 @  70 Hz, stereo = 0, hdr = 0 exclusive = 0
20:52:28:433 (00017760) > [Render] 		- Mode  6 : 1024 x  768 @  75 Hz, stereo = 0, hdr = 0 exclusive = 0
20:52:28:433 (00017760) > [Render] 		- Mode  7 : 1152 x  864 @  75 Hz, stereo = 0, hdr = 0 exclusive = 0
20:52:28:433 (00017760) > [Render] 		- Mode  8 : 1176 x  664 @  50 Hz, stereo = 0, hdr = 0 exclusive = 0
20:52:28:433 (00017760) > [Render] 		- Mode  9 : 1176 x  664 @  50 Hz, stereo = 0, hdr = 0 exclusive = 0
20:52:28:433 (00017760) > [Render] 		- Mode 10 : 1176 x  664 @  60 Hz, stereo = 0, hdr = 0 exclusive = 0
20:52:28:433 (00017760) > [Render] 		- Mode 11 : 1176 x  664 @  60 Hz, stereo = 0, hdr = 0 exclusive = 0
20:52:28:433 (00017760) > [Render] 		- Mode 12 : 1176 x  664 @  60 Hz, stereo = 0, hdr = 0 exclusive = 0
20:52:28:433 (00017760) > [Render] 		- Mode 13 : 1176 x  664 @  60 Hz, stereo = 0, hdr = 0 exclusive = 0
20:52:28:433 (00017760) > [Render] 		- Mode 14 : 1280 x  720 @  50 Hz, stereo = 0, hdr = 0 exclusive = 0
20:52:28:433 (00017760) > [Render] 		- Mode 15 : 1280 x  720 @  60 Hz, stereo = 0, hdr = 0 exclusive = 0
20:52:28:433 (00017760) > [Render] 		- Mode 16 : 1280 x  720 @  60 Hz, stereo = 0, hdr = 0 exclusive = 0
20:52:28:433 (00017760) > [Render] 		- Mode 17 : 1280 x  768 @  60 Hz, stereo = 0, hdr = 0 exclusive = 0
20:52:28:433 (00017760) > [Render] 		- Mode 18 : 1280 x  768 @  60 Hz, stereo = 0, hdr = 0 exclusive = 0
20:52:28:433 (00017760) > [Render] 		- Mode 19 : 1280 x  800 @  60 Hz, stereo = 0, hdr = 0 exclusive = 0
20:52:28:433 (00017760) > [Render] 		- Mode 20 : 1280 x  800 @  60 Hz, stereo = 0, hdr = 0 exclusive = 0
20:52:28:433 (00017760) > [Render] 		- Mode 21 : 1280 x  960 @  60 Hz, stereo = 0, hdr = 0 exclusive = 0
20:52:28:433 (00017760) > [Render] 		- Mode 22 : 1280 x 1024 @  60 Hz, stereo = 0, hdr = 0 exclusive = 0
20:52:28:433 (00017760) > [Render] 		- Mode 23 : 1280 x 1024 @  75 Hz, stereo = 0, hdr = 0 exclusive = 0
20:52:28:433 (00017760) > [Render] 		- Mode 24 : 1360 x  768 @  60 Hz, stereo = 0, hdr = 0 exclusive = 0
20:52:28:433 (00017760) > [Render] 		- Mode 25 : 1360 x  768 @  60 Hz, stereo = 0, hdr = 0 exclusive = 0
20:52:28:433 (00017760) > [Render] 		- Mode 26 : 1366 x  768 @  60 Hz, stereo = 0, hdr = 0 exclusive = 0
20:52:28:433 (00017760) > [Render] 		- Mode 27 : 1366 x  768 @  60 Hz, stereo = 0, hdr = 0 exclusive = 0
20:52:28:433 (00017760) > [Render] 		- Mode 28 : 1440 x  900 @  60 Hz, stereo = 0, hdr = 0 exclusive = 0
20:52:28:433 (00017760) > [Render] 		- Mode 29 : 1440 x 1080 @  50 Hz, stereo = 0, hdr = 0 exclusive = 0
20:52:28:433 (00017760) > [Render] 		- Mode 30 : 1440 x 1080 @  50 Hz, stereo = 0, hdr = 0 exclusive = 0
20:52:28:433 (00017760) > [Render] 		- Mode 31 : 1440 x 1080 @  60 Hz, stereo = 0, hdr = 0 exclusive = 0
20:52:28:433 (00017760) > [Render] 		- Mode 32 : 1440 x 1080 @  60 Hz, stereo = 0, hdr = 0 exclusive = 0
20:52:28:433 (00017760) > [Render] 		- Mode 33 : 1440 x 1080 @  75 Hz, stereo = 0, hdr = 0 exclusive = 0
20:52:28:433 (00017760) > [Render] 		- Mode 34 : 1440 x 1080 @  75 Hz, stereo = 0, hdr = 0 exclusive = 0
20:52:28:433 (00017760) > [Render] 		- Mode 35 : 1440 x 1080 @  60 Hz, stereo = 0, hdr = 0 exclusive = 0
20:52:28:433 (00017760) > [Render] 		- Mode 36 : 1440 x 1080 @  60 Hz, stereo = 0, hdr = 0 exclusive = 0
20:52:28:433 (00017760) > [Render] 		- Mode 37 : 1600 x  900 @  60 Hz, stereo = 0, hdr = 0 exclusive = 0
20:52:28:433 (00017760) > [Render] 		- Mode 38 : 1600 x 1024 @  60 Hz, stereo = 0, hdr = 0 exclusive = 0
20:52:28:433 (00017760) > [Render] 		- Mode 39 : 1600 x 1024 @  60 Hz, stereo = 0, hdr = 0 exclusive = 0
20:52:28:433 (00017760) > [Render] 		- Mode 40 : 1680 x 1050 @  60 Hz, stereo = 0, hdr = 0 exclusive = 0
20:52:28:433 (00017760) > [Render] 		- Mode 41 : 1920 x 1080 @  50 Hz, stereo = 0, hdr = 0 exclusive = 0
20:52:28:433 (00017760) > [Render] 		- Mode 42 : 1920 x 1080 @  60 Hz, stereo = 0, hdr = 0 exclusive = 0
20:52:28:433 (00017760) > [Render] 		- Mode 43 : 1920 x 1080 @  75 Hz, stereo = 0, hdr = 0 exclusive = 0
20:52:28:433 (00017760) > [Render] 		- Mode 44 : 1920 x 1080 @  60 Hz, stereo = 0, hdr = 0 exclusive = 0
20:52:28:433 (00017760) > [Render] ***** Additional Monitor Output Info *****
20:52:28:433 (00017760) > [Render] 		BitsPerColor: 8
20:52:28:433 (00017760) > [Render] 		Primaries: R=0.6738;0.3125  G=0.2812;0.6582  B=0.1455;0.0723  White-Point=0.3135;0.3291
20:52:28:433 (00017760) > [Render] 		HDR: No (Color Space: DXGI_COLOR_SPACE_RGB_FULL_G22_NONE_P709)
20:52:28:433 (00017760) > [Render] 		Luminance: Min=0.5000 Max=270.0000 MaxFullFrame=270.0000
20:52:28:433 (00017760) > [Render] ******************************************
20:52:28:433 (00017760) > [Render] 
20:52:28:544 (00017760) > [NxReflex] Reflex support result:Result::eOk
20:52:28:544 (00017760) > [NxReflex] DLSSG support result:Result::eOk
20:52:28:544 (00017760) > [NxApp] Querying GPU Driver Info...
20:52:28:544 (00017760) > [NxApp] Enumerating available display adapters:
20:52:28:548 (00017760) > [NxApp] 		NVIDIA GeForce RTX 4080 (active)
20:52:28:548 (00017760) > [NxApp] Successfully found GPU Driver Info
20:52:28:548 (00017760) > [D3D] Max supported feature level: 11.0
20:52:28:548 (00017760) > [Render] Disabled D3D12 experimentals
20:52:28:548 (00017760) > [Render] VMEM Budget: 15282 MB
20:52:28:548 (00017760) > [Render] VMEM Avaialbe: 15266 MB
20:52:29:141 (00017760) > [Render] GPU node count: 1
20:52:29:163 (00017760) > [NxApp] PreInit successful.
20:52:29:163 (00017760) > [NxUpscaler] SL DLSS support: Result::eOk
20:52:29:368 (00017760) > [NxUpscaler] XeSS init, code = 0
20:52:29:433 (00017760) > [NxReflex] Reflex support result:Result::eOk
20:52:29:433 (00017760) > [NxReflex] DLSSG support result:Result::eOk
20:52:29:433 (00017760) > [NxApp] Driver Desc: NVIDIA GeForce RTX 4080
20:52:29:433 (00017760) > [NxApp] Driver Version: 555.85
20:52:29:433 (00017760) > [**************************************************Display + Graphics Settings**************************************************] 
20:52:29:433 (00017760) > [Settings] DirectX Version: 12
20:52:29:433 (00017760) > [Settings] Window mode: Fullscreen
20:52:29:433 (00017760) > [Settings] Fullscreen display mode:
20:52:29:433 (00017760) > [Settings] 	Displaying on monitor: 0
20:52:29:433 (00017760) > [Settings] 	Resolution: 2560x1440
20:52:29:433 (00017760) > [Settings] 	HDR: Off
20:52:29:433 (00017760) > [Settings] 	OS reported Refresh rate: 144
20:52:29:433 (00017760) > [Settings] 	VSync: On
20:52:29:433 (00017760) > [Settings] 	Reflex: Off
20:52:29:433 (00017760) > [Settings] 	DLSSG: False
20:52:29:433 (00017760) > [Settings] 	Resolution modifier 1.000000
20:52:29:433 (00017760) > [Settings] 	Dynamic resolution FPS target: 0
20:52:29:433 (00017760) > [Settings] Anti aliasing: DLAA

20:52:29:433 (00017760) > [Settings] Upscale method: DLSS

20:52:29:433 (00017760) > [Settings] Upscale quality: Quality

20:52:29:433 (00017760) > [Settings] Upscale sharpen value: 0.000000

20:52:29:433 (00017760) > [Settings] Graphics Options:
20:52:29:433 (00017760) > [Settings] 	Texture Quality: Very High
20:52:29:433 (00017760) > [Settings] 	Texture Filtering: Anisotropic16x
20:52:29:433 (00017760) > [Settings] 	Shadow Quality: Ultra
20:52:29:433 (00017760) > [Settings] 	Depth of Field: Very High
20:52:29:433 (00017760) > [Settings] 	Level of Detail: VeryHigh
20:52:29:433 (00017760) > [Settings] 	Terrain Quality: Very High
20:52:29:433 (00017760) > [Settings] 	Water Quality: High
20:52:29:433 (00017760) > [Settings] 	Clouds Quality: Very High
20:52:29:433 (00017760) > [Settings] 	Crowd Detail: High
20:52:29:433 (00017760) > [Settings] 	Hair Quality: High
20:52:29:433 (00017760) > [Settings] 	Ambient Occlusion: SSAO
20:52:29:433 (00017760) > [Settings] 	Screen Space Reflections: High
20:52:29:433 (00017760) > [Settings] 	Translucency Quality: HighRes

20:52:29:433 (00017760) > [Settings] 	Bloom: Off
20:52:29:433 (00017760) > [Settings] 	Vignette: Off
20:52:29:433 (00017760) > [Settings] 	Chromatic Aberration: On
20:52:29:433 (00017760) > [Settings] 	Motion Blur: 0.001000
20:52:29:433 (00017760) > [Settings] 	FOV Correction: 1.000000
20:52:29:433 (00017760) > [Settings] 	Film Grain Strength: 1.000000
20:52:29:433 (00017760) > [Settings] 	Sharpness: 0.501000
20:52:29:433 (00017760) > [Settings] 	Lens Flares: On
20:52:29:433 (00017760) > [Settings] 	Screen Effects: On
20:52:29:433 (00017760) > [Settings] 	Parallax Occlusion: On
20:52:29:433 (00017760) > [Settings] 	Screen Space Shadows: On
20:52:29:433 (00017760) > [**************************************************Display + Graphics Settings**************************************************] 
20:52:29:433 (00017760) > [NxApp] Creating window...
20:52:29:436 (00008488) > [GameWindow] UpdateState bVisible true
20:52:29:445 (00008488) > [Input] Keyboard language: "Русский (Россия)" (id: 1049)
20:52:29:445 (00008488) > [Input] Keyboard physical layout: "Russian" (id: 00000419)
20:52:29:446 (00008488) > [Input] Joystick            ""   product 64123 vendor 9639 version 833 usage 0 usagePage 65281 xinput no
20:52:29:446 (00008488) > [Input] Keyboard            "HID Keyboard Device"   type 81 subType 0 mode 1 function 12 indicators 3 total 264
20:52:29:446 (00008488) > [Input] Joystick            ""   product 64123 vendor 9639 version 833 usage 1 usagePage 12 xinput no
20:52:29:446 (00008488) > [Input] Mouse               "HID-compliant mouse"   id 256 buttons 5 sampleRate 0 horizontalWheel no
20:52:29:446 (00008488) > [Input] Joystick            ""   product 64123 vendor 9639 version 833 usage 0 usagePage 65283 xinput no
20:52:29:446 (00008488) > [Input] Joystick            ""   product 45570 vendor 3504 version 3 usage 1 usagePage 65472 xinput no
20:52:29:446 (00008488) > [Input] Joystick            ""   product 596 vendor 5215 version 256 usage 1 usagePage 12 xinput no
20:52:29:446 (00008488) > [Input] Joystick            ""   product 32050 vendor 5218 version 1 usage 0 usagePage 1 xinput no
20:52:29:446 (00008488) > [Input] Joystick            ""   product 32774 vendor 3141 version 262 usage 1 usagePage 65535 xinput no
20:52:29:446 (00008488) > [Input] Joystick            ""   product 32774 vendor 3141 version 262 usage 1 usagePage 12 xinput no
20:52:29:446 (00008488) > [Input] Mouse               "HID-compliant mouse"   id 256 buttons 5 sampleRate 0 horizontalWheel no
20:52:29:446 (00008488) > [Input] Keyboard            "HID Keyboard Device"   type 81 subType 0 mode 1 function 12 indicators 3 total 120
20:52:29:446 (00008488) > [Input] Keyboard            "HID Keyboard Device"   type 81 subType 0 mode 1 function 12 indicators 3 total 264
20:52:29:450 (00008488) > [Input] Using LibScePad
20:52:29:450 (00008488) > [XInput] Enumerating available xusb hid devices:

20:52:29:454 (00017760) > [NxApp] Window created.
20:52:29:454 (00017760) > [NxApp] Initializing swapchain...
20:52:29:454 (00015220) > [SwapChain] Creating...
20:52:29:454 (00015220) > [NxSwapChainImpl] Swapchain native backbuffer (windows) resolution: 2560x1440
20:52:29:496 (00015220) > [DXGI] Created swapchain.
20:52:29:510 (00015220) > [SwapChain] Gamma correction is enabled.
20:52:29:510 (00015220) > [SwapChain] Successfully created.
20:52:29:510 (00015220) > [NxSwapChainImpl] Swapchain native backbuffer (windows) resolution: 2560x1440
20:52:29:510 (00017760) > [NxApp] Swapchain initialized
20:52:29:510 (00017760) > [NxApp] Initializing renderer...
20:52:29:510 (00017760) > [NxApp] Renderer initialized
20:52:29:510 (00017760) > [NxApp] Initializing module prefetch thread
20:52:29:913 (00017760) > [NxProcessorInfo] Processor info:
20:52:29:913 (00017760) > [NxProcessorInfo] 	Description:             	12th Gen Intel(R) Core(TM) i7-12700KF
20:52:29:913 (00017760) > [NxProcessorInfo] 	Group Count:       	1
20:52:29:913 (00017760) > [NxProcessorInfo] 	Physical Core:     	12
20:52:29:913 (00017760) > [NxProcessorInfo] 		Performance Core:   8
20:52:29:913 (00017760) > [NxProcessorInfo] 		Efficiency  Core:   4
20:52:29:913 (00017760) > [NxProcessorInfo] 	Logical  Core:     	20
20:52:29:913 (00017760) > [NxProcessorInfo] 	Distinct L3 Cache: 	1
20:52:29:913 (00017760) > [NxProcessorInfo] 	Family:            	6
20:52:29:913 (00017760) > [NxProcessorInfo] 	Model:             	151
20:52:29:913 (00017760) > [NxProcessorInfo] 	Name:              	12th Gen Intel(R) Core(TM) i7-12700KF
20:52:29:913 (00017760) > [NxProcessorInfo] 	AVX:               	1
20:52:29:913 (00017760) > [NxProcessorInfo] 	F16C:              	1
20:52:29:913 (00017760) > [NxProcessorInfo] 	AVX2:              	1
20:52:29:913 (00017760) > [NxProcessorInfo] 	NormalAffinity(auto)
20:52:34:678 (00016208) > [Internet Connection] Success
20:52:34:678 (00016208) > [Internet Connection] Success
20:52:34:678 (00016208) > [Account Linking] AuthenticationRequest: 400
20:52:34:678 (00016208) > [Auth] Failed
20:53:09:964 (00017760) > [GameWindow] Window close requested
20:53:09:971 (00017760) > [App] Quit request confirmed by user
20:53:10:715 (00017760) > [NxApp] Destroying
20:53:10:732 (00017760) > [DXGI] Destroyed swapchain.
20:53:10:732 (00017760) > [SwapChain] Destroyed.
20:53:10:732 (00017760) > [SwapChain] Released.
20:53:10:732 (00017760) > [Render] Unloading NVAPI
20:53:10:732 (00017760) > [Render] Done unloading NVAPI
20:53:10:744 (00017760) > [DXGI] Destroyed swapchain.
20:53:10:744 (00017760) > [DXGI] Released.
20:53:11:006 (00017760) > [NxApp] Shutting down module prefetch thread - 383 MiB was prefetched
--- NIXXES log closed ---
